# JRE version: Java(TM) SE Runtime Environment (8.0_191-b12) (build 1.8.0_191-b12)
# Java VM: Java HotSpot(TM) 64-Bit Server VM (25.191-b12 mixed mode linux-amd64 compressed oops)
Heap:
 PSYoungGen      total 404480K, used 179488K [0x00000000d7100000, 0x0000000100000000, 0x0000000100000000)
  eden space 224256K, 0% used [0x00000000d7100000,0x00000000d7100000,0x00000000e4c00000)
  from space 180224K, 99% used [0x00000000f5000000,0x00000000fff48058,0x0000000100000000)
  to   space 223232K, 0% used [0x00000000e4c00000,0x00000000e4c00000,0x00000000f2600000)
 ParOldGen       total 603648K, used 603624K [0x0000000085200000, 0x00000000a9f80000, 0x00000000d7100000)
  object space 603648K, 99% used [0x0000000085200000,0x00000000a9f7a090,0x00000000a9f80000)
 Metaspace       used 55737K, capacity 59342K, committed 60032K, reserved 1101824K
  class space    used 7114K, capacity 7687K, committed 7808K, reserved 1048576K
GC Heap History (10 events):
Event: 5359,007 GC heap after
Heap after GC invocations=21 (full 4):
 PSYoungGen      total 511488K, used 11236K [0x00000000d7100000, 0x0000000100000000, 0x0000000100000000)
  eden space 482304K, 0% used [0x00000000d7100000,0x00000000d7100000,0x00000000f4800000)
  from space 29184K, 38% used [0x00000000f4800000,0x00000000f52f9320,0x00000000f6480000)
  to   space 107520K, 0% used [0x00000000f9700000,0x00000000f9700000,0x0000000100000000)
 ParOldGen       total 393728K, used 235705K [0x0000000085200000, 0x000000009d280000, 0x00000000d7100000)
  object space 393728K, 59% used [0x0000000085200000,0x000000009382e628,0x000000009d280000)
 Metaspace       used 55745K, capacity 59354K, committed 60032K, reserved 1101824K
  class space    used 7115K, capacity 7689K, committed 7808K, reserved 1048576K
}
Event: 5359,435 GC heap before
{Heap before GC invocations=22 (full 4):
 PSYoungGen      total 511488K, used 493088K [0x00000000d7100000, 0x0000000100000000, 0x0000000100000000)
  eden space 482304K, 99% used [0x00000000d7100000,0x00000000f478f008,0x00000000f4800000)
  from space 29184K, 38% used [0x00000000f4800000,0x00000000f52f9320,0x00000000f6480000)
  to   space 107520K, 0% used [0x00000000f9700000,0x00000000f9700000,0x0000000100000000)
 ParOldGen       total 393728K, used 235705K [0x0000000085200000, 0x000000009d280000, 0x00000000d7100000)
  object space 393728K, 59% used [0x0000000085200000,0x000000009382e628,0x000000009d280000)
 Metaspace       used 55745K, capacity 59354K, committed 60032K, reserved 1101824K
  class space    used 7115K, capacity 7689K, committed 7808K, reserved 1048576K
Event: 5359,824 GC heap after
Heap after GC invocations=22 (full 4):
 PSYoungGen      total 417792K, used 107512K [0x00000000d7100000, 0x0000000100000000, 0x0000000100000000)
  eden space 310272K, 0% used [0x00000000d7100000,0x00000000d7100000,0x00000000ea000000)
  from space 107520K, 99% used [0x00000000f9700000,0x00000000ffffe350,0x0000000100000000)
  to   space 180224K, 0% used [0x00000000ea000000,0x00000000ea000000,0x00000000f5000000)
 ParOldGen       total 393728K, used 377056K [0x0000000085200000, 0x000000009d280000, 0x00000000d7100000)
  object space 393728K, 95% used [0x0000000085200000,0x000000009c238278,0x000000009d280000)
 Metaspace       used 55745K, capacity 59354K, committed 60032K, reserved 1101824K
  class space    used 7115K, capacity 7689K, committed 7808K, reserved 1048576K
}
Event: 5359,824 GC heap before
{Heap before GC invocations=23 (full 5):
 PSYoungGen      total 417792K, used 107512K [0x00000000d7100000, 0x0000000100000000, 0x0000000100000000)
  eden space 310272K, 0% used [0x00000000d7100000,0x00000000d7100000,0x00000000ea000000)
  from space 107520K, 99% used [0x00000000f9700000,0x00000000ffffe350,0x0000000100000000)
  to   space 180224K, 0% used [0x00000000ea000000,0x00000000ea000000,0x00000000f5000000)
 ParOldGen       total 393728K, used 377056K [0x0000000085200000, 0x000000009d280000, 0x00000000d7100000)
  object space 393728K, 95% used [0x0000000085200000,0x000000009c238278,0x000000009d280000)
 Metaspace       used 55745K, capacity 59354K, committed 60032K, reserved 1101824K
  class space    used 7115K, capacity 7689K, committed 7808K, reserved 1048576K
Event: 5360,048 GC heap after
Heap after GC invocations=23 (full 5):
 PSYoungGen      total 417792K, used 86938K [0x00000000d7100000, 0x0000000100000000, 0x0000000100000000)
  eden space 310272K, 0% used [0x00000000d7100000,0x00000000d7100000,0x00000000ea000000)
  from space 107520K, 80% used [0x00000000f9700000,0x00000000febe6bc0,0x0000000100000000)
  to   space 180224K, 0% used [0x00000000ea000000,0x00000000ea000000,0x00000000f5000000)
 ParOldGen       total 598528K, used 392998K [0x0000000085200000, 0x00000000a9a80000, 0x00000000d7100000)
  object space 598528K, 65% used [0x0000000085200000,0x000000009d1c9b18,0x00000000a9a80000)
 Metaspace       used 55745K, capacity 59354K, committed 60032K, reserved 1101824K
  class space    used 7115K, capacity 7689K, committed 7808K, reserved 1048576K
}
Event: 5360,360 GC heap before
{Heap before GC invocations=24 (full 5):
 PSYoungGen      total 417792K, used 395312K [0x00000000d7100000, 0x0000000100000000, 0x0000000100000000)
  eden space 310272K, 99% used [0x00000000d7100000,0x00000000e9e25450,0x00000000ea000000)
  from space 107520K, 80% used [0x00000000f9700000,0x00000000febe6bc0,0x0000000100000000)
  to   space 180224K, 0% used [0x00000000ea000000,0x00000000ea000000,0x00000000f5000000)
 ParOldGen       total 598528K, used 392998K [0x0000000085200000, 0x00000000a9a80000, 0x00000000d7100000)
  object space 598528K, 65% used [0x0000000085200000,0x000000009d1c9b18,0x00000000a9a80000)
 Metaspace       used 55745K, capacity 59354K, committed 60032K, reserved 1101824K
  class space    used 7115K, capacity 7689K, committed 7808K, reserved 1048576K
Event: 5360,469 GC heap after
Heap after GC invocations=24 (full 5):
 PSYoungGen      total 490496K, used 180214K [0x00000000d7100000, 0x0000000100000000, 0x0000000100000000)
  eden space 310272K, 0% used [0x00000000d7100000,0x00000000d7100000,0x00000000ea000000)
  from space 180224K, 99% used [0x00000000ea000000,0x00000000f4ffd898,0x00000000f5000000)
  to   space 180224K, 0% used [0x00000000f5000000,0x00000000f5000000,0x0000000100000000)
 ParOldGen       total 598528K, used 451672K [0x0000000085200000, 0x00000000a9a80000, 0x00000000d7100000)
  object space 598528K, 75% used [0x0000000085200000,0x00000000a0b16360,0x00000000a9a80000)
 Metaspace       used 55745K, capacity 59354K, committed 60032K, reserved 1101824K
  class space    used 7115K, capacity 7689K, committed 7808K, reserved 1048576K
}
Event: 5360,804 GC heap before
{Heap before GC invocations=25 (full 5):
 PSYoungGen      total 490496K, used 489732K [0x00000000d7100000, 0x0000000100000000, 0x0000000100000000)
  eden space 310272K, 99% used [0x00000000d7100000,0x00000000e9f43a50,0x00000000ea000000)
  from space 180224K, 99% used [0x00000000ea000000,0x00000000f4ffd898,0x00000000f5000000)
  to   space 180224K, 0% used [0x00000000f5000000,0x00000000f5000000,0x0000000100000000)
 ParOldGen       total 598528K, used 451672K [0x0000000085200000, 0x00000000a9a80000, 0x00000000d7100000)
  object space 598528K, 75% used [0x0000000085200000,0x00000000a0b16360,0x00000000a9a80000)
 Metaspace       used 55745K, capacity 59354K, committed 60032K, reserved 1101824K
  class space    used 7115K, capacity 7689K, committed 7808K, reserved 1048576K
Event: 5361,158 GC heap after
Heap after GC invocations=25 (full 5):
 PSYoungGen      total 404480K, used 180222K [0x00000000d7100000, 0x0000000100000000, 0x0000000100000000)
  eden space 224256K, 0% used [0x00000000d7100000,0x00000000d7100000,0x00000000e4c00000)
  from space 180224K, 99% used [0x00000000f5000000,0x00000000fffff8a8,0x0000000100000000)
  to   space 223232K, 0% used [0x00000000e4c00000,0x00000000e4c00000,0x00000000f2600000)
 ParOldGen       total 603648K, used 603186K [0x0000000085200000, 0x00000000a9f80000, 0x00000000d7100000)
  object space 603648K, 99% used [0x0000000085200000,0x00000000a9f0ca78,0x00000000a9f80000)
 Metaspace       used 55745K, capacity 59354K, committed 60032K, reserved 1101824K
  class space    used 7115K, capacity 7689K, committed 7808K, reserved 1048576K
}
Event: 5361,158 GC heap before
{Heap before GC invocations=26 (full 6):
 PSYoungGen      total 404480K, used 180222K [0x00000000d7100000, 0x0000000100000000, 0x0000000100000000)
  eden space 224256K, 0% used [0x00000000d7100000,0x00000000d7100000,0x00000000e4c00000)
  from space 180224K, 99% used [0x00000000f5000000,0x00000000fffff8a8,0x0000000100000000)
  to   space 223232K, 0% used [0x00000000e4c00000,0x00000000e4c00000,0x00000000f2600000)
 ParOldGen       total 603648K, used 603186K [0x0000000085200000, 0x00000000a9f80000, 0x00000000d7100000)
  object space 603648K, 99% used [0x0000000085200000,0x00000000a9f0ca78,0x00000000a9f80000)
 Metaspace       used 55745K, capacity 59354K, committed 60032K, reserved 1101824K
  class space    used 7115K, capacity 7689K, committed 7808K, reserved 1048576K

