# JRE version: Java(TM) SE Runtime Environment (8.0_191-b12) (build 1.8.0_191-b12)
# Java VM: Java HotSpot(TM) 64-Bit Server VM (25.191-b12 mixed mode linux-amd64 compressed oops)
Heap:
 PSYoungGen      total 307712K, used 13730K [0x00000000d7100000, 0x00000000eaf80000, 0x0000000100000000)
  eden space 289280K, 0% used [0x00000000d7100000,0x00000000d7100000,0x00000000e8b80000)
  from space 18432K, 74% used [0x00000000e8b80000,0x00000000e98e8b70,0x00000000e9d80000)
  to   space 16896K, 0% used [0x00000000e9f00000,0x00000000e9f00000,0x00000000eaf80000)
 ParOldGen       total 72192K, used 24656K [0x0000000085200000, 0x0000000089880000, 0x00000000d7100000)
  object space 72192K, 34% used [0x0000000085200000,0x0000000086a14268,0x0000000089880000)
 Metaspace       used 48151K, capacity 51030K, committed 51200K, reserved 1093632K
  class space    used 6319K, capacity 6804K, committed 6912K, reserved 1048576K
GC Heap History (10 events):
Event: 4,381 GC heap after
Heap after GC invocations=8 (full 1):
 PSYoungGen      total 136192K, used 9702K [0x00000000d7100000, 0x00000000e4600000, 0x0000000100000000)
  eden space 126464K, 0% used [0x00000000d7100000,0x00000000d7100000,0x00000000dec80000)
  from space 9728K, 99% used [0x00000000dec80000,0x00000000df5f9958,0x00000000df600000)
  to   space 12800K, 0% used [0x00000000e3980000,0x00000000e3980000,0x00000000e4600000)
 ParOldGen       total 54784K, used 9235K [0x0000000085200000, 0x0000000088780000, 0x00000000d7100000)
  object space 54784K, 16% used [0x0000000085200000,0x0000000085b04e58,0x0000000088780000)
 Metaspace       used 26939K, capacity 27904K, committed 28032K, reserved 1073152K
  class space    used 3455K, capacity 3669K, committed 3712K, reserved 1048576K
}
Event: 5,623 GC heap before
{Heap before GC invocations=9 (full 1):
 PSYoungGen      total 136192K, used 136166K [0x00000000d7100000, 0x00000000e4600000, 0x0000000100000000)
  eden space 126464K, 100% used [0x00000000d7100000,0x00000000dec80000,0x00000000dec80000)
  from space 9728K, 99% used [0x00000000dec80000,0x00000000df5f9958,0x00000000df600000)
  to   space 12800K, 0% used [0x00000000e3980000,0x00000000e3980000,0x00000000e4600000)
 ParOldGen       total 54784K, used 9235K [0x0000000085200000, 0x0000000088780000, 0x00000000d7100000)
  object space 54784K, 16% used [0x0000000085200000,0x0000000085b04e58,0x0000000088780000)
 Metaspace       used 33843K, capacity 35314K, committed 35416K, reserved 1081344K
  class space    used 4307K, capacity 4592K, committed 4608K, reserved 1048576K
Event: 5,646 GC heap after
Heap after GC invocations=9 (full 1):
 PSYoungGen      total 201728K, used 12792K [0x00000000d7100000, 0x00000000e4a00000, 0x0000000100000000)
  eden space 188928K, 0% used [0x00000000d7100000,0x00000000d7100000,0x00000000e2980000)
  from space 12800K, 99% used [0x00000000e3980000,0x00000000e45fe070,0x00000000e4600000)
  to   space 16384K, 0% used [0x00000000e2980000,0x00000000e2980000,0x00000000e3980000)
 ParOldGen       total 54784K, used 12638K [0x0000000085200000, 0x0000000088780000, 0x00000000d7100000)
  object space 54784K, 23% used [0x0000000085200000,0x0000000085e57b58,0x0000000088780000)
 Metaspace       used 33843K, capacity 35314K, committed 35416K, reserved 1081344K
  class space    used 4307K, capacity 4592K, committed 4608K, reserved 1048576K
}
Event: 5,649 GC heap before
{Heap before GC invocations=10 (full 1):
 PSYoungGen      total 201728K, used 15680K [0x00000000d7100000, 0x00000000e4a00000, 0x0000000100000000)
  eden space 188928K, 1% used [0x00000000d7100000,0x00000000d73d20b8,0x00000000e2980000)
  from space 12800K, 99% used [0x00000000e3980000,0x00000000e45fe070,0x00000000e4600000)
  to   space 16384K, 0% used [0x00000000e2980000,0x00000000e2980000,0x00000000e3980000)
 ParOldGen       total 54784K, used 12638K [0x0000000085200000, 0x0000000088780000, 0x00000000d7100000)
  object space 54784K, 23% used [0x0000000085200000,0x0000000085e57b58,0x0000000088780000)
 Metaspace       used 33848K, capacity 35314K, committed 35416K, reserved 1081344K
  class space    used 4307K, capacity 4592K, committed 4608K, reserved 1048576K
Event: 5,667 GC heap after
Heap after GC invocations=10 (full 1):
 PSYoungGen      total 205312K, used 12840K [0x00000000d7100000, 0x00000000eb000000, 0x0000000100000000)
  eden space 188928K, 0% used [0x00000000d7100000,0x00000000d7100000,0x00000000e2980000)
  from space 16384K, 78% used [0x00000000e2980000,0x00000000e360a080,0x00000000e3980000)
  to   space 17408K, 0% used [0x00000000e9f00000,0x00000000e9f00000,0x00000000eb000000)
 ParOldGen       total 54784K, used 12638K [0x0000000085200000, 0x0000000088780000, 0x00000000d7100000)
  object space 54784K, 23% used [0x0000000085200000,0x0000000085e57b58,0x0000000088780000)
 Metaspace       used 33848K, capacity 35314K, committed 35416K, reserved 1081344K
  class space    used 4307K, capacity 4592K, committed 4608K, reserved 1048576K
}
Event: 5,668 GC heap before
{Heap before GC invocations=11 (full 2):
 PSYoungGen      total 205312K, used 12840K [0x00000000d7100000, 0x00000000eb000000, 0x0000000100000000)
  eden space 188928K, 0% used [0x00000000d7100000,0x00000000d7100000,0x00000000e2980000)
  from space 16384K, 78% used [0x00000000e2980000,0x00000000e360a080,0x00000000e3980000)
  to   space 17408K, 0% used [0x00000000e9f00000,0x00000000e9f00000,0x00000000eb000000)
 ParOldGen       total 54784K, used 12638K [0x0000000085200000, 0x0000000088780000, 0x00000000d7100000)
  object space 54784K, 23% used [0x0000000085200000,0x0000000085e57b58,0x0000000088780000)
 Metaspace       used 33848K, capacity 35314K, committed 35416K, reserved 1081344K
  class space    used 4307K, capacity 4592K, committed 4608K, reserved 1048576K
Event: 5,737 GC heap after
Heap after GC invocations=11 (full 2):
 PSYoungGen      total 205312K, used 0K [0x00000000d7100000, 0x00000000eb000000, 0x0000000100000000)
  eden space 188928K, 0% used [0x00000000d7100000,0x00000000d7100000,0x00000000e2980000)
  from space 16384K, 0% used [0x00000000e2980000,0x00000000e2980000,0x00000000e3980000)
  to   space 17408K, 0% used [0x00000000e9f00000,0x00000000e9f00000,0x00000000eb000000)
 ParOldGen       total 72192K, used 17998K [0x0000000085200000, 0x0000000089880000, 0x00000000d7100000)
  object space 72192K, 24% used [0x0000000085200000,0x00000000863939b8,0x0000000089880000)
 Metaspace       used 33848K, capacity 35314K, committed 35416K, reserved 1081344K
  class space    used 4307K, capacity 4592K, committed 4608K, reserved 1048576K
}
Event: 7,500 GC heap before
{Heap before GC invocations=12 (full 2):
 PSYoungGen      total 205312K, used 188928K [0x00000000d7100000, 0x00000000eb000000, 0x0000000100000000)
  eden space 188928K, 100% used [0x00000000d7100000,0x00000000e2980000,0x00000000e2980000)
  from space 16384K, 0% used [0x00000000e2980000,0x00000000e2980000,0x00000000e3980000)
  to   space 17408K, 0% used [0x00000000e9f00000,0x00000000e9f00000,0x00000000eb000000)
 ParOldGen       total 72192K, used 17998K [0x0000000085200000, 0x0000000089880000, 0x00000000d7100000)
  object space 72192K, 24% used [0x0000000085200000,0x00000000863939b8,0x0000000089880000)
 Metaspace       used 41297K, capacity 43436K, committed 43648K, reserved 1087488K
  class space    used 5389K, capacity 5757K, committed 5760K, reserved 1048576K
Event: 7,516 GC heap after
Heap after GC invocations=12 (full 2):
 PSYoungGen      total 306176K, used 12286K [0x00000000d7100000, 0x00000000eaf80000, 0x0000000100000000)
  eden space 289280K, 0% used [0x00000000d7100000,0x00000000d7100000,0x00000000e8b80000)
  from space 16896K, 72% used [0x00000000e9f00000,0x00000000eaaffbf0,0x00000000eaf80000)
  to   space 18432K, 0% used [0x00000000e8b80000,0x00000000e8b80000,0x00000000e9d80000)
 ParOldGen       total 72192K, used 18006K [0x0000000085200000, 0x0000000089880000, 0x00000000d7100000)
  object space 72192K, 24% used [0x0000000085200000,0x00000000863959b8,0x0000000089880000)
 Metaspace       used 41297K, capacity 43436K, committed 43648K, reserved 1087488K
  class space    used 5389K, capacity 5757K, committed 5760K, reserved 1048576K
}
Event: 207,115 GC heap before
{Heap before GC invocations=13 (full 2):
 PSYoungGen      total 306176K, used 301566K [0x00000000d7100000, 0x00000000eaf80000, 0x0000000100000000)
  eden space 289280K, 100% used [0x00000000d7100000,0x00000000e8b80000,0x00000000e8b80000)
  from space 16896K, 72% used [0x00000000e9f00000,0x00000000eaaffbf0,0x00000000eaf80000)
  to   space 18432K, 0% used [0x00000000e8b80000,0x00000000e8b80000,0x00000000e9d80000)
 ParOldGen       total 72192K, used 18006K [0x0000000085200000, 0x0000000089880000, 0x00000000d7100000)
  object space 72192K, 24% used [0x0000000085200000,0x00000000863959b8,0x0000000089880000)
 Metaspace       used 48151K, capacity 51030K, committed 51200K, reserved 1093632K
  class space    used 6319K, capacity 6804K, committed 6912K, reserved 1048576K

