# JRE version: Java(TM) SE Runtime Environment (8.0_191-b12) (build 1.8.0_191-b12)
# Java VM: Java HotSpot(TM) 64-Bit Server VM (25.191-b12 mixed mode linux-amd64 compressed oops)
Heap:
 PSYoungGen      total 486912K, used 87045K [0x00000000d7100000, 0x0000000100000000, 0x0000000100000000)
  eden space 394240K, 0% used [0x00000000d7100000,0x00000000d7100000,0x00000000ef200000)
  from space 92672K, 93% used [0x00000000ef200000,0x00000000f4701620,0x00000000f4c80000)
  to   space 109056K, 0% used [0x00000000f9580000,0x00000000f9580000,0x0000000100000000)
 ParOldGen       total 459264K, used 458425K [0x0000000085200000, 0x00000000a1280000, 0x00000000d7100000)
  object space 459264K, 99% used [0x0000000085200000,0x00000000a11ae540,0x00000000a1280000)
 Metaspace       used 54855K, capacity 58432K, committed 58752K, reserved 1099776K
  class space    used 7114K, capacity 7714K, committed 7808K, reserved 1048576K
GC Heap History (10 events):
Event: 391,983 GC heap after
Heap after GC invocations=15 (full 3):
 PSYoungGen      total 322048K, used 0K [0x00000000d7100000, 0x00000000ecc00000, 0x0000000100000000)
  eden space 297472K, 0% used [0x00000000d7100000,0x00000000d7100000,0x00000000e9380000)
  from space 24576K, 0% used [0x00000000eb400000,0x00000000eb400000,0x00000000ecc00000)
  to   space 28672K, 0% used [0x00000000e9400000,0x00000000e9400000,0x00000000eb000000)
 ParOldGen       total 194560K, used 82189K [0x0000000085200000, 0x0000000091000000, 0x00000000d7100000)
  object space 194560K, 42% used [0x0000000085200000,0x000000008a243528,0x0000000091000000)
 Metaspace       used 54731K, capacity 58230K, committed 58496K, reserved 1099776K
  class space    used 7107K, capacity 7701K, committed 7808K, reserved 1048576K
}
Event: 392,541 GC heap before
{Heap before GC invocations=16 (full 3):
 PSYoungGen      total 322048K, used 296186K [0x00000000d7100000, 0x00000000ecc00000, 0x0000000100000000)
  eden space 297472K, 99% used [0x00000000d7100000,0x00000000e923e950,0x00000000e9380000)
  from space 24576K, 0% used [0x00000000eb400000,0x00000000eb400000,0x00000000ecc00000)
  to   space 28672K, 0% used [0x00000000e9400000,0x00000000e9400000,0x00000000eb000000)
 ParOldGen       total 194560K, used 82189K [0x0000000085200000, 0x0000000091000000, 0x00000000d7100000)
  object space 194560K, 42% used [0x0000000085200000,0x000000008a243528,0x0000000091000000)
 Metaspace       used 54782K, capacity 58330K, committed 58496K, reserved 1099776K
  class space    used 7118K, capacity 7721K, committed 7808K, reserved 1048576K
Event: 392,692 GC heap after
Heap after GC invocations=16 (full 3):
 PSYoungGen      total 326656K, used 28654K [0x00000000d7100000, 0x00000000f9d00000, 0x0000000100000000)
  eden space 297984K, 0% used [0x00000000d7100000,0x00000000d7100000,0x00000000e9400000)
  from space 28672K, 99% used [0x00000000e9400000,0x00000000eaffb8e0,0x00000000eb000000)
  to   space 78848K, 0% used [0x00000000f5000000,0x00000000f5000000,0x00000000f9d00000)
 ParOldGen       total 208384K, used 205743K [0x0000000085200000, 0x0000000091d80000, 0x00000000d7100000)
  object space 208384K, 98% used [0x0000000085200000,0x0000000091aebf38,0x0000000091d80000)
 Metaspace       used 54782K, capacity 58330K, committed 58496K, reserved 1099776K
  class space    used 7118K, capacity 7721K, committed 7808K, reserved 1048576K
}
Event: 392,692 GC heap before
{Heap before GC invocations=17 (full 4):
 PSYoungGen      total 326656K, used 28654K [0x00000000d7100000, 0x00000000f9d00000, 0x0000000100000000)
  eden space 297984K, 0% used [0x00000000d7100000,0x00000000d7100000,0x00000000e9400000)
  from space 28672K, 99% used [0x00000000e9400000,0x00000000eaffb8e0,0x00000000eb000000)
  to   space 78848K, 0% used [0x00000000f5000000,0x00000000f5000000,0x00000000f9d00000)
 ParOldGen       total 208384K, used 205743K [0x0000000085200000, 0x0000000091d80000, 0x00000000d7100000)
  object space 208384K, 98% used [0x0000000085200000,0x0000000091aebf38,0x0000000091d80000)
 Metaspace       used 54782K, capacity 58330K, committed 58496K, reserved 1099776K
  class space    used 7118K, capacity 7721K, committed 7808K, reserved 1048576K
Event: 392,907 GC heap after
Heap after GC invocations=17 (full 4):
 PSYoungGen      total 326656K, used 0K [0x00000000d7100000, 0x00000000f9d00000, 0x0000000100000000)
  eden space 297984K, 0% used [0x00000000d7100000,0x00000000d7100000,0x00000000e9400000)
  from space 28672K, 0% used [0x00000000e9400000,0x00000000e9400000,0x00000000eb000000)
  to   space 78848K, 0% used [0x00000000f5000000,0x00000000f5000000,0x00000000f9d00000)
 ParOldGen       total 394752K, used 206256K [0x0000000085200000, 0x000000009d380000, 0x00000000d7100000)
  object space 394752K, 52% used [0x0000000085200000,0x0000000091b6c220,0x000000009d380000)
 Metaspace       used 54771K, capacity 58300K, committed 58496K, reserved 1099776K
  class space    used 7114K, capacity 7714K, committed 7808K, reserved 1048576K
}
Event: 393,244 GC heap before
{Heap before GC invocations=18 (full 4):
 PSYoungGen      total 326656K, used 296219K [0x00000000d7100000, 0x00000000f9d00000, 0x0000000100000000)
  eden space 297984K, 99% used [0x00000000d7100000,0x00000000e9246d08,0x00000000e9400000)
  from space 28672K, 0% used [0x00000000e9400000,0x00000000e9400000,0x00000000eb000000)
  to   space 78848K, 0% used [0x00000000f5000000,0x00000000f5000000,0x00000000f9d00000)
 ParOldGen       total 394752K, used 206256K [0x0000000085200000, 0x000000009d380000, 0x00000000d7100000)
  object space 394752K, 52% used [0x0000000085200000,0x0000000091b6c220,0x000000009d380000)
 Metaspace       used 54809K, capacity 58364K, committed 58496K, reserved 1099776K
  class space    used 7114K, capacity 7714K, committed 7808K, reserved 1048576K
Event: 393,408 GC heap after
Heap after GC invocations=18 (full 4):
 PSYoungGen      total 473088K, used 76937K [0x00000000d7100000, 0x00000000fa700000, 0x0000000100000000)
  eden space 394240K, 0% used [0x00000000d7100000,0x00000000d7100000,0x00000000ef200000)
  from space 78848K, 97% used [0x00000000f5000000,0x00000000f9b226e0,0x00000000f9d00000)
  to   space 92672K, 0% used [0x00000000ef200000,0x00000000ef200000,0x00000000f4c80000)
 ParOldGen       total 394752K, used 278160K [0x0000000085200000, 0x000000009d380000, 0x00000000d7100000)
  object space 394752K, 70% used [0x0000000085200000,0x00000000961a4320,0x000000009d380000)
 Metaspace       used 54809K, capacity 58364K, committed 58496K, reserved 1099776K
  class space    used 7114K, capacity 7714K, committed 7808K, reserved 1048576K
}
Event: 393,912 GC heap before
{Heap before GC invocations=19 (full 4):
 PSYoungGen      total 473088K, used 469831K [0x00000000d7100000, 0x00000000fa700000, 0x0000000100000000)
  eden space 394240K, 99% used [0x00000000d7100000,0x00000000ef0af8a0,0x00000000ef200000)
  from space 78848K, 97% used [0x00000000f5000000,0x00000000f9b226e0,0x00000000f9d00000)
  to   space 92672K, 0% used [0x00000000ef200000,0x00000000ef200000,0x00000000f4c80000)
 ParOldGen       total 394752K, used 278160K [0x0000000085200000, 0x000000009d380000, 0x00000000d7100000)
  object space 394752K, 70% used [0x0000000085200000,0x00000000961a4320,0x000000009d380000)
 Metaspace       used 54855K, capacity 58432K, committed 58752K, reserved 1099776K
  class space    used 7114K, capacity 7714K, committed 7808K, reserved 1048576K
Event: 400,048 GC heap after
Heap after GC invocations=19 (full 4):
 PSYoungGen      total 486912K, used 91788K [0x00000000d7100000, 0x0000000100000000, 0x0000000100000000)
  eden space 394240K, 0% used [0x00000000d7100000,0x00000000d7100000,0x00000000ef200000)
  from space 92672K, 99% used [0x00000000ef200000,0x00000000f4ba3070,0x00000000f4c80000)
  to   space 109056K, 0% used [0x00000000f9580000,0x00000000f9580000,0x0000000100000000)
 ParOldGen       total 459264K, used 458323K [0x0000000085200000, 0x00000000a1280000, 0x00000000d7100000)
  object space 459264K, 99% used [0x0000000085200000,0x00000000a1194fa0,0x00000000a1280000)
 Metaspace       used 54855K, capacity 58432K, committed 58752K, reserved 1099776K
  class space    used 7114K, capacity 7714K, committed 7808K, reserved 1048576K
}
Event: 400,098 GC heap before
{Heap before GC invocations=20 (full 5):
 PSYoungGen      total 486912K, used 91788K [0x00000000d7100000, 0x0000000100000000, 0x0000000100000000)
  eden space 394240K, 0% used [0x00000000d7100000,0x00000000d7100000,0x00000000ef200000)
  from space 92672K, 99% used [0x00000000ef200000,0x00000000f4ba3070,0x00000000f4c80000)
  to   space 109056K, 0% used [0x00000000f9580000,0x00000000f9580000,0x0000000100000000)
 ParOldGen       total 459264K, used 458323K [0x0000000085200000, 0x00000000a1280000, 0x00000000d7100000)
  object space 459264K, 99% used [0x0000000085200000,0x00000000a1194fa0,0x00000000a1280000)
 Metaspace       used 54855K, capacity 58432K, committed 58752K, reserved 1099776K
  class space    used 7114K, capacity 7714K, committed 7808K, reserved 1048576K

