# JRE version: Java(TM) SE Runtime Environment (8.0_191-b12) (build 1.8.0_191-b12)
# Java VM: Java HotSpot(TM) 64-Bit Server VM (25.191-b12 mixed mode linux-amd64 compressed oops)
Heap:
 PSYoungGen      total 499200K, used 160K [0x00000000d7100000, 0x00000000f6d00000, 0x0000000100000000)
  eden space 478208K, 0% used [0x00000000d7100000,0x00000000d7100000,0x00000000f4400000)
  from space 20992K, 0% used [0x00000000f4400000,0x00000000f4428000,0x00000000f5880000)
  to   space 15360K, 0% used [0x00000000f5e00000,0x00000000f5e00000,0x00000000f6d00000)
 ParOldGen       total 66560K, used 36452K [0x0000000085200000, 0x0000000089300000, 0x00000000d7100000)
  object space 66560K, 54% used [0x0000000085200000,0x00000000875990d0,0x0000000089300000)
 Metaspace       used 53642K, capacity 57396K, committed 57600K, reserved 1099776K
  class space    used 6951K, capacity 7558K, committed 7680K, reserved 1048576K
GC Heap History (10 events):
Event: 6,421 GC heap after
Heap after GC invocations=10 (full 1):
 PSYoungGen      total 229376K, used 12275K [0x00000000d7100000, 0x00000000ed600000, 0x0000000100000000)
  eden space 212992K, 0% used [0x00000000d7100000,0x00000000d7100000,0x00000000e4100000)
  from space 16384K, 74% used [0x00000000e4100000,0x00000000e4cfcdd0,0x00000000e5100000)
  to   space 17408K, 0% used [0x00000000ec500000,0x00000000ec500000,0x00000000ed600000)
 ParOldGen       total 49152K, used 13209K [0x0000000085200000, 0x0000000088200000, 0x00000000d7100000)
  object space 49152K, 26% used [0x0000000085200000,0x0000000085ee6710,0x0000000088200000)
 Metaspace       used 33758K, capacity 35284K, committed 35416K, reserved 1081344K
  class space    used 4300K, capacity 4578K, committed 4608K, reserved 1048576K
}
Event: 6,421 GC heap before
{Heap before GC invocations=11 (full 2):
 PSYoungGen      total 229376K, used 12275K [0x00000000d7100000, 0x00000000ed600000, 0x0000000100000000)
  eden space 212992K, 0% used [0x00000000d7100000,0x00000000d7100000,0x00000000e4100000)
  from space 16384K, 74% used [0x00000000e4100000,0x00000000e4cfcdd0,0x00000000e5100000)
  to   space 17408K, 0% used [0x00000000ec500000,0x00000000ec500000,0x00000000ed600000)
 ParOldGen       total 49152K, used 13209K [0x0000000085200000, 0x0000000088200000, 0x00000000d7100000)
  object space 49152K, 26% used [0x0000000085200000,0x0000000085ee6710,0x0000000088200000)
 Metaspace       used 33758K, capacity 35284K, committed 35416K, reserved 1081344K
  class space    used 4300K, capacity 4578K, committed 4608K, reserved 1048576K
Event: 6,479 GC heap after
Heap after GC invocations=11 (full 2):
 PSYoungGen      total 229376K, used 0K [0x00000000d7100000, 0x00000000ed600000, 0x0000000100000000)
  eden space 212992K, 0% used [0x00000000d7100000,0x00000000d7100000,0x00000000e4100000)
  from space 16384K, 0% used [0x00000000e4100000,0x00000000e4100000,0x00000000e5100000)
  to   space 17408K, 0% used [0x00000000ec500000,0x00000000ec500000,0x00000000ed600000)
 ParOldGen       total 66560K, used 18253K [0x0000000085200000, 0x0000000089300000, 0x00000000d7100000)
  object space 66560K, 27% used [0x0000000085200000,0x00000000863d34f8,0x0000000089300000)
 Metaspace       used 33758K, capacity 35284K, committed 35416K, reserved 1081344K
  class space    used 4300K, capacity 4578K, committed 4608K, reserved 1048576K
}
Event: 8,557 GC heap before
{Heap before GC invocations=12 (full 2):
 PSYoungGen      total 229376K, used 212992K [0x00000000d7100000, 0x00000000ed600000, 0x0000000100000000)
  eden space 212992K, 100% used [0x00000000d7100000,0x00000000e4100000,0x00000000e4100000)
  from space 16384K, 0% used [0x00000000e4100000,0x00000000e4100000,0x00000000e5100000)
  to   space 17408K, 0% used [0x00000000ec500000,0x00000000ec500000,0x00000000ed600000)
 ParOldGen       total 66560K, used 18253K [0x0000000085200000, 0x0000000089300000, 0x00000000d7100000)
  object space 66560K, 27% used [0x0000000085200000,0x00000000863d34f8,0x0000000089300000)
 Metaspace       used 42481K, capacity 44648K, committed 44928K, reserved 1087488K
  class space    used 5508K, capacity 5890K, committed 6016K, reserved 1048576K
Event: 8,574 GC heap after
Heap after GC invocations=12 (full 2):
 PSYoungGen      total 338944K, used 14852K [0x00000000d7100000, 0x00000000ed400000, 0x0000000100000000)
  eden space 323584K, 0% used [0x00000000d7100000,0x00000000d7100000,0x00000000ead00000)
  from space 15360K, 96% used [0x00000000ec500000,0x00000000ed3813f8,0x00000000ed400000)
  to   space 18944K, 0% used [0x00000000eaf00000,0x00000000eaf00000,0x00000000ec180000)
 ParOldGen       total 66560K, used 18261K [0x0000000085200000, 0x0000000089300000, 0x00000000d7100000)
  object space 66560K, 27% used [0x0000000085200000,0x00000000863d54f8,0x0000000089300000)
 Metaspace       used 42481K, capacity 44648K, committed 44928K, reserved 1087488K
  class space    used 5508K, capacity 5890K, committed 6016K, reserved 1048576K
}
Event: 129,877 GC heap before
{Heap before GC invocations=13 (full 2):
 PSYoungGen      total 338944K, used 338436K [0x00000000d7100000, 0x00000000ed400000, 0x0000000100000000)
  eden space 323584K, 100% used [0x00000000d7100000,0x00000000ead00000,0x00000000ead00000)
  from space 15360K, 96% used [0x00000000ec500000,0x00000000ed3813f8,0x00000000ed400000)
  to   space 18944K, 0% used [0x00000000eaf00000,0x00000000eaf00000,0x00000000ec180000)
 ParOldGen       total 66560K, used 18261K [0x0000000085200000, 0x0000000089300000, 0x00000000d7100000)
  object space 66560K, 27% used [0x0000000085200000,0x00000000863d54f8,0x0000000089300000)
 Metaspace       used 51153K, capacity 54484K, committed 54784K, reserved 1097728K
  class space    used 6741K, capacity 7304K, committed 7424K, reserved 1048576K
Event: 129,911 GC heap after
Heap after GC invocations=13 (full 2):
 PSYoungGen      total 344576K, used 15963K [0x00000000d7100000, 0x00000000f7200000, 0x0000000100000000)
  eden space 325632K, 0% used [0x00000000d7100000,0x00000000d7100000,0x00000000eaf00000)
  from space 18944K, 84% used [0x00000000eaf00000,0x00000000ebe96d90,0x00000000ec180000)
  to   space 20480K, 0% used [0x00000000f5e00000,0x00000000f5e00000,0x00000000f7200000)
 ParOldGen       total 66560K, used 26543K [0x0000000085200000, 0x0000000089300000, 0x00000000d7100000)
  object space 66560K, 39% used [0x0000000085200000,0x0000000086bebf00,0x0000000089300000)
 Metaspace       used 51153K, capacity 54484K, committed 54784K, reserved 1097728K
  class space    used 6741K, capacity 7304K, committed 7424K, reserved 1048576K
}
Event: 1102,036 GC heap before
{Heap before GC invocations=14 (full 2):
 PSYoungGen      total 344576K, used 341595K [0x00000000d7100000, 0x00000000f7200000, 0x0000000100000000)
  eden space 325632K, 100% used [0x00000000d7100000,0x00000000eaf00000,0x00000000eaf00000)
  from space 18944K, 84% used [0x00000000eaf00000,0x00000000ebe96d90,0x00000000ec180000)
  to   space 20480K, 0% used [0x00000000f5e00000,0x00000000f5e00000,0x00000000f7200000)
 ParOldGen       total 66560K, used 26543K [0x0000000085200000, 0x0000000089300000, 0x00000000d7100000)
  object space 66560K, 39% used [0x0000000085200000,0x0000000086bebf00,0x0000000089300000)
 Metaspace       used 53340K, capacity 57056K, committed 57344K, reserved 1099776K
  class space    used 6951K, capacity 7558K, committed 7680K, reserved 1048576K
Event: 1102,078 GC heap after
Heap after GC invocations=14 (full 2):
 PSYoungGen      total 493568K, used 1567K [0x00000000d7100000, 0x00000000f6d00000, 0x0000000100000000)
  eden space 478208K, 0% used [0x00000000d7100000,0x00000000d7100000,0x00000000f4400000)
  from space 15360K, 10% used [0x00000000f5e00000,0x00000000f5f87c88,0x00000000f6d00000)
  to   space 20992K, 0% used [0x00000000f4400000,0x00000000f4400000,0x00000000f5880000)
 ParOldGen       total 66560K, used 35756K [0x0000000085200000, 0x0000000089300000, 0x00000000d7100000)
  object space 66560K, 53% used [0x0000000085200000,0x00000000874eb090,0x0000000089300000)
 Metaspace       used 53340K, capacity 57056K, committed 57344K, reserved 1099776K
  class space    used 6951K, capacity 7558K, committed 7680K, reserved 1048576K
}
Event: 2761,322 GC heap before
{Heap before GC invocations=15 (full 2):
 PSYoungGen      total 493568K, used 479775K [0x00000000d7100000, 0x00000000f6d00000, 0x0000000100000000)
  eden space 478208K, 100% used [0x00000000d7100000,0x00000000f4400000,0x00000000f4400000)
  from space 15360K, 10% used [0x00000000f5e00000,0x00000000f5f87c88,0x00000000f6d00000)
  to   space 20992K, 0% used [0x00000000f4400000,0x00000000f4400000,0x00000000f5880000)
 ParOldGen       total 66560K, used 35756K [0x0000000085200000, 0x0000000089300000, 0x00000000d7100000)
  object space 66560K, 53% used [0x0000000085200000,0x00000000874eb090,0x0000000089300000)
 Metaspace       used 53642K, capacity 57396K, committed 57600K, reserved 1099776K
  class space    used 6951K, capacity 7558K, committed 7680K, reserved 1048576K

